{
  "cause": {
    "message": "Duplicate entry",
    "name": "Error",
    "stack": "Error: Duplicate entry\n    at Object.<anonymous> (/Users/octaviandavid/Desktop/node-express-vite-observatory/packages/api/tests/integration/database.integration.ts:89:32)\n    at Promise.then.completed (/Users/octaviandavid/Desktop/node-express-vite-observatory/node_modules/jest-circus/build/utils.js:298:28)\n    at new Promise (<anonymous>)\n    at callAsyncCircusFn (/Users/octaviandavid/Desktop/node-express-vite-observatory/node_modules/jest-circus/build/utils.js:231:10)\n    at _callCircusTest (/Users/octaviandavid/Desktop/node-express-vite-observatory/node_modules/jest-circus/build/run.js:316:40)\n    at processTicksAndRejections (node:internal/process/task_queues:105:5)\n    at _runTest (/Users/octaviandavid/Desktop/node-express-vite-observatory/node_modules/jest-circus/build/run.js:252:3)\n    at _runTestsForDescribeBlock (/Users/octaviandavid/Desktop/node-express-vite-observatory/node_modules/jest-circus/build/run.js:126:9)\n    at _runTestsForDescribeBlock (/Users/octaviandavid/Desktop/node-express-vite-observatory/node_modules/jest-circus/build/run.js:121:9)\n    at _runTestsForDescribeBlock (/Users/octaviandavid/Desktop/node-express-vite-observatory/node_modules/jest-circus/build/run.js:121:9)\n    at run (/Users/octaviandavid/Desktop/node-express-vite-observatory/node_modules/jest-circus/build/run.js:71:3)\n    at runAndTransformResultsToJestFormat (/Users/octaviandavid/Desktop/node-express-vite-observatory/node_modules/jest-circus/build/legacy-code-todo-rewrite/jestAdapterInit.js:122:21)\n    at jestAdapter (/Users/octaviandavid/Desktop/node-express-vite-observatory/node_modules/jest-circus/build/legacy-code-todo-rewrite/jestAdapter.js:79:19)\n    at runTestInternal (/Users/octaviandavid/Desktop/node-express-vite-observatory/node_modules/jest-runner/build/runTest.js:367:16)\n    at runTest (/Users/octaviandavid/Desktop/node-express-vite-observatory/node_modules/jest-runner/build/runTest.js:444:34)\n    at Object.worker (/Users/octaviandavid/Desktop/node-express-vite-observatory/node_modules/jest-runner/build/testWorker.js:106:12)"
  },
  "errorName": "MigrationError",
  "level": "error",
  "message": "Error Failed to insert into database",
  "stack": "MigrationError: Failed to insert into database\n    at Database.insert (/Users/octaviandavid/Desktop/node-express-vite-observatory/packages/api/src/core/database-sql.ts:89:13)\n    at processTicksAndRejections (node:internal/process/task_queues:105:5)\n    at Object.<anonymous> (/Users/octaviandavid/Desktop/node-express-vite-observatory/packages/api/tests/integration/database.integration.ts:92:7)",
  "timestamp": "2026-01-17 12:57:15"
}
{
  "cause": {
    "code": "ER_DUP_ENTRY",
    "errno": 1062,
    "message": "Duplicate entry 'duplicate:123' for key 'observatory_entries.uuid'",
    "name": "Error",
    "sql": "INSERT INTO observatory_entries (uuid, request_id, job_id, schedule_id, type, content, created_at) VALUES ('duplicate:123', 'req-123', 'null', 'null', 'request', '{\\\"status\\\":\\\"completed\\\",\\\"duration\\\":100,\\\"metadata\\\":{\\\"package\\\":\\\"express\\\",\\\"method\\\":\\\"get\\\"},\\\"data\\\":{\\\"route\\\":\\\"/api/test\\\",\\\"statusCode\\\":200,\\\"requestSize\\\":0,\\\"responseSize\\\":100},\\\"location\\\":{\\\"file\\\":\\\"express\\\",\\\"line\\\":\\\"0\\\"}}', '2025-01-01 00:00:00')",
    "sqlMessage": "Duplicate entry 'duplicate:123' for key 'observatory_entries.uuid'",
    "sqlState": "23000",
    "stack": "Error: Duplicate entry 'duplicate:123' for key 'observatory_entries.uuid'\n    at PromiseConnection.query (/Users/octaviandavid/Desktop/node-express-vite-observatory/node_modules/mysql2/lib/promise/connection.js:29:22)\n    at Database.insert (/Users/octaviandavid/Desktop/node-express-vite-observatory/packages/api/src/core/database-sql.ts:81:34)\n    at processTicksAndRejections (node:internal/process/task_queues:105:5)\n    at Object.<anonymous> (/Users/octaviandavid/Desktop/node-express-vite-observatory/packages/api/tests/integration/database.integration.ts:126:7)"
  },
  "errorName": "MigrationError",
  "level": "error",
  "message": "Error Failed to insert into database",
  "stack": "MigrationError: Failed to insert into database\n    at Database.insert (/Users/octaviandavid/Desktop/node-express-vite-observatory/packages/api/src/core/database-sql.ts:89:13)\n    at processTicksAndRejections (node:internal/process/task_queues:105:5)\n    at Object.<anonymous> (/Users/octaviandavid/Desktop/node-express-vite-observatory/packages/api/tests/integration/database.integration.ts:126:7)",
  "timestamp": "2026-01-17 14:06:17"
}
{
  "cause": {
    "code": "ER_DUP_ENTRY",
    "errno": 1062,
    "message": "Duplicate entry 'duplicate:123' for key 'observatory_entries.uuid'",
    "name": "Error",
    "sql": "INSERT INTO observatory_entries (uuid, request_id, job_id, schedule_id, type, content, created_at) VALUES ('duplicate:123', 'req-123', 'null', 'null', 'request', '{\\\"status\\\":\\\"completed\\\",\\\"duration\\\":100,\\\"metadata\\\":{\\\"package\\\":\\\"express\\\",\\\"method\\\":\\\"get\\\"},\\\"data\\\":{\\\"route\\\":\\\"/api/test\\\",\\\"statusCode\\\":200,\\\"requestSize\\\":0,\\\"responseSize\\\":100},\\\"location\\\":{\\\"file\\\":\\\"express\\\",\\\"line\\\":\\\"0\\\"}}', '2025-01-01 00:00:00')",
    "sqlMessage": "Duplicate entry 'duplicate:123' for key 'observatory_entries.uuid'",
    "sqlState": "23000",
    "stack": "Error: Duplicate entry 'duplicate:123' for key 'observatory_entries.uuid'\n    at PromiseConnection.query (/Users/octaviandavid/Desktop/node-express-vite-observatory/node_modules/mysql2/lib/promise/connection.js:29:22)\n    at Database.insert (/Users/octaviandavid/Desktop/node-express-vite-observatory/packages/api/src/core/database-sql.ts:81:34)\n    at processTicksAndRejections (node:internal/process/task_queues:105:5)\n    at Object.<anonymous> (/Users/octaviandavid/Desktop/node-express-vite-observatory/packages/api/tests/integration/database.integration.ts:126:7)"
  },
  "errorName": "MigrationError",
  "level": "error",
  "message": "Error Failed to insert into database",
  "stack": "MigrationError: Failed to insert into database\n    at Database.insert (/Users/octaviandavid/Desktop/node-express-vite-observatory/packages/api/src/core/database-sql.ts:89:13)\n    at processTicksAndRejections (node:internal/process/task_queues:105:5)\n    at Object.<anonymous> (/Users/octaviandavid/Desktop/node-express-vite-observatory/packages/api/tests/integration/database.integration.ts:126:7)",
  "timestamp": "2026-01-17 14:07:00"
}
{
  "cause": {
    "code": "ER_PARSE_ERROR",
    "errno": 1064,
    "message": "You have an error in your SQL syntax; check the manual that corresponds to your MySQL server version for the right syntax to use near ',\n            NULL as created_at,\n            NULL as content,\n            'aggr' at line 8",
    "name": "Error",
    "sql": "(\n          SELECT\n            COUNT(*) as total,\n            \n            SUM(CASE WHEN JSON_UNQUOTE(JSON_EXTRACT(content, '$.misses')) IS NOT NULL AND JSON_UNQUOTE(JSON_EXTRACT(content, '$.misses')) > 0 THEN 1 ELSE 0 END) as misses,\n            SUM(CASE WHEN JSON_UNQUOTE(JSON_EXTRACT(content, '$.hits')) IS NOT NULL AND JSON_UNQUOTE(JSON_EXTRACT(content, '$.hits')) > 0 THEN 1 ELSE 0 END) as hits,\n            SUM(CASE WHEN JSON_UNQUOTE(JSON_EXTRACT(content, '$.writes')) IS NOT NULL AND JSON_UNQUOTE(JSON_EXTRACT(content, '$.writes')) > 0 THEN 1 ELSE 0 END) as writes,\n            ,\n            NULL as created_at,\n            NULL as content,\n            'aggregate' as type\n          FROM observatory_entries\n          WHERE type = 'exception' AND created_at >= UTC_TIMESTAMP() - INTERVAL 1 DAY \n        )\n        UNION ALL\n        (\n          SELECT\n            NULL as total,\n            NULL as shortest,\n            NULL as longest,\n            NULL as average,\n            NULL as p95,\n            NULL as misses,\n            NULL as hits,\n            NULL as writes,\n            created_at,\n            content,\n            'row' as type\n          FROM observatory_entries\n          WHERE type = 'exception' AND created_at >= UTC_TIMESTAMP() - INTERVAL 1 DAY \n          ORDER BY created_at DESC\n        );",
    "sqlMessage": "You have an error in your SQL syntax; check the manual that corresponds to your MySQL server version for the right syntax to use near ',\n            NULL as created_at,\n            NULL as content,\n            'aggr' at line 8",
    "sqlState": "42000",
    "stack": "Error: You have an error in your SQL syntax; check the manual that corresponds to your MySQL server version for the right syntax to use near ',\n            NULL as created_at,\n            NULL as content,\n            'aggr' at line 8\n    at PromiseConnection.query (/Users/octaviandavid/Desktop/node-express-vite-observatory/node_modules/mysql2/lib/promise/connection.js:29:22)\n    at Database.getGraphData (/Users/octaviandavid/Desktop/node-express-vite-observatory/packages/api/src/core/database-sql.ts:569:53)\n    at ExceptionWatcher.getGraphData (/Users/octaviandavid/Desktop/node-express-vite-observatory/packages/api/src/core/watchers/ExceptionWatcher.ts:200:34)\n    at ExceptionWatcher.index (/Users/octaviandavid/Desktop/node-express-vite-observatory/packages/api/src/core/watchers/BaseWatcher.ts:265:82)\n    at Object.<anonymous> (/Users/octaviandavid/Desktop/node-express-vite-observatory/packages/api/tests/integration/watchers/ExceptionWatcher.integration.ts:149:36)\n    at Promise.then.completed (/Users/octaviandavid/Desktop/node-express-vite-observatory/node_modules/jest-circus/build/utils.js:298:28)\n    at new Promise (<anonymous>)\n    at callAsyncCircusFn (/Users/octaviandavid/Desktop/node-express-vite-observatory/node_modules/jest-circus/build/utils.js:231:10)\n    at _callCircusTest (/Users/octaviandavid/Desktop/node-express-vite-observatory/node_modules/jest-circus/build/run.js:316:40)\n    at processTicksAndRejections (node:internal/process/task_queues:105:5)\n    at _runTest (/Users/octaviandavid/Desktop/node-express-vite-observatory/node_modules/jest-circus/build/run.js:252:3)\n    at _runTestsForDescribeBlock (/Users/octaviandavid/Desktop/node-express-vite-observatory/node_modules/jest-circus/build/run.js:126:9)\n    at _runTestsForDescribeBlock (/Users/octaviandavid/Desktop/node-express-vite-observatory/node_modules/jest-circus/build/run.js:121:9)\n    at _runTestsForDescribeBlock (/Users/octaviandavid/Desktop/node-express-vite-observatory/node_modules/jest-circus/build/run.js:121:9)\n    at run (/Users/octaviandavid/Desktop/node-express-vite-observatory/node_modules/jest-circus/build/run.js:71:3)\n    at runAndTransformResultsToJestFormat (/Users/octaviandavid/Desktop/node-express-vite-observatory/node_modules/jest-circus/build/legacy-code-todo-rewrite/jestAdapterInit.js:122:21)\n    at jestAdapter (/Users/octaviandavid/Desktop/node-express-vite-observatory/node_modules/jest-circus/build/legacy-code-todo-rewrite/jestAdapter.js:79:19)\n    at runTestInternal (/Users/octaviandavid/Desktop/node-express-vite-observatory/node_modules/jest-runner/build/runTest.js:367:16)\n    at runTest (/Users/octaviandavid/Desktop/node-express-vite-observatory/node_modules/jest-runner/build/runTest.js:444:34)"
  },
  "errorName": "DatabaseRetrieveError",
  "level": "error",
  "message": "Error Failed to get graph data from database",
  "stack": "DatabaseRetrieveError: Failed to get graph data from database\n    at Database.getGraphData (/Users/octaviandavid/Desktop/node-express-vite-observatory/packages/api/src/core/database-sql.ts:635:13)\n    at processTicksAndRejections (node:internal/process/task_queues:105:5)\n    at ExceptionWatcher.getGraphData (/Users/octaviandavid/Desktop/node-express-vite-observatory/packages/api/src/core/watchers/ExceptionWatcher.ts:200:12)\n    at ExceptionWatcher.index (/Users/octaviandavid/Desktop/node-express-vite-observatory/packages/api/src/core/watchers/BaseWatcher.ts:265:71)\n    at Object.<anonymous> (/Users/octaviandavid/Desktop/node-express-vite-observatory/packages/api/tests/integration/watchers/ExceptionWatcher.integration.ts:149:22)",
  "timestamp": "2026-01-17 14:07:05"
}
{
  "cause": {
    "code": "ER_PARSE_ERROR",
    "errno": 1064,
    "message": "You have an error in your SQL syntax; check the manual that corresponds to your MySQL server version for the right syntax to use near 'JSON_UNQUOTE(JSON_EXTRACT(content, '$.status')) != 'pending'\n        GROUP BY JS' at line 33",
    "name": "Error",
    "sql": "SELECT\n        JSON_UNQUOTE(JSON_EXTRACT(content, '$.channel')) AS channel,\n        COUNT(*) as total,\n        \n        SUM(CASE WHEN JSON_UNQUOTE(JSON_EXTRACT(content, '$.status')) = 'completed' THEN 1 ELSE 0 END) as completed,\n        SUM(CASE WHEN JSON_UNQUOTE(JSON_EXTRACT(content, '$.status')) = 'failed' THEN 1 ELSE 0 END) as failed,\n      \n        MIN(CAST(JSON_UNQUOTE(JSON_EXTRACT(content, '$.duration')) AS DECIMAL(10, 6))) as shortest,\n      MAX(CAST(JSON_UNQUOTE(JSON_EXTRACT(content, '$.duration')) AS DECIMAL(10, 6))) as longest,\n      AVG(CAST(JSON_UNQUOTE(JSON_EXTRACT(content, '$.duration')) AS DECIMAL(10, 6))) as average,\n    \n        \n      CAST(\n        SUBSTRING_INDEX(\n          SUBSTRING_INDEX(\n            GROUP_CONCAT(\n              CAST(JSON_UNQUOTE(JSON_EXTRACT(content, '$.duration')) AS DECIMAL(10,2))\n              ORDER BY CAST(JSON_UNQUOTE(JSON_EXTRACT(content, '$.duration')) AS DECIMAL(10,2))\n              SEPARATOR ','\n            ),\n            ',',\n            CEILING(COUNT(*) * 0.95)\n          ),\n          ',',\n          -1\n        ) AS DECIMAL(10,2)\n      ) AS p95\n    \n        FROM observatory_entries\n        WHERE type = 'notification' \n        AND created_at >= UTC_TIMESTAMP() - INTERVAL 1 DAY \n         \n        JSON_UNQUOTE(JSON_EXTRACT(content, '$.status')) != 'pending'\n        GROUP BY JSON_UNQUOTE(JSON_EXTRACT(content, '$.channel'))\n        ORDER BY total DESC\n        LIMIT 20 OFFSET 0",
    "sqlMessage": "You have an error in your SQL syntax; check the manual that corresponds to your MySQL server version for the right syntax to use near 'JSON_UNQUOTE(JSON_EXTRACT(content, '$.status')) != 'pending'\n        GROUP BY JS' at line 33",
    "sqlState": "42000",
    "stack": "Error: You have an error in your SQL syntax; check the manual that corresponds to your MySQL server version for the right syntax to use near 'JSON_UNQUOTE(JSON_EXTRACT(content, '$.status')) != 'pending'\n        GROUP BY JS' at line 33\n    at PromiseConnection.query (/Users/octaviandavid/Desktop/node-express-vite-observatory/node_modules/mysql2/lib/promise/connection.js:29:22)\n    at Database.getByGroup (/Users/octaviandavid/Desktop/node-express-vite-observatory/packages/api/src/core/database-sql.ts:463:52)\n    at NotificationWatcher.getTableData (/Users/octaviandavid/Desktop/node-express-vite-observatory/packages/api/src/core/watchers/NotificationWatcher.ts:21:45)\n    at NotificationWatcher.index (/Users/octaviandavid/Desktop/node-express-vite-observatory/packages/api/src/core/watchers/BaseWatcher.ts:265:47)\n    at Object.<anonymous> (/Users/octaviandavid/Desktop/node-express-vite-observatory/packages/api/tests/integration/watchers/NotificationWatcher.integration.ts:102:36)\n    at Promise.then.completed (/Users/octaviandavid/Desktop/node-express-vite-observatory/node_modules/jest-circus/build/utils.js:298:28)\n    at new Promise (<anonymous>)\n    at callAsyncCircusFn (/Users/octaviandavid/Desktop/node-express-vite-observatory/node_modules/jest-circus/build/utils.js:231:10)\n    at _callCircusTest (/Users/octaviandavid/Desktop/node-express-vite-observatory/node_modules/jest-circus/build/run.js:316:40)\n    at processTicksAndRejections (node:internal/process/task_queues:105:5)\n    at _runTest (/Users/octaviandavid/Desktop/node-express-vite-observatory/node_modules/jest-circus/build/run.js:252:3)\n    at _runTestsForDescribeBlock (/Users/octaviandavid/Desktop/node-express-vite-observatory/node_modules/jest-circus/build/run.js:126:9)\n    at _runTestsForDescribeBlock (/Users/octaviandavid/Desktop/node-express-vite-observatory/node_modules/jest-circus/build/run.js:121:9)\n    at _runTestsForDescribeBlock (/Users/octaviandavid/Desktop/node-express-vite-observatory/node_modules/jest-circus/build/run.js:121:9)\n    at run (/Users/octaviandavid/Desktop/node-express-vite-observatory/node_modules/jest-circus/build/run.js:71:3)\n    at runAndTransformResultsToJestFormat (/Users/octaviandavid/Desktop/node-express-vite-observatory/node_modules/jest-circus/build/legacy-code-todo-rewrite/jestAdapterInit.js:122:21)\n    at jestAdapter (/Users/octaviandavid/Desktop/node-express-vite-observatory/node_modules/jest-circus/build/legacy-code-todo-rewrite/jestAdapter.js:79:19)\n    at runTestInternal (/Users/octaviandavid/Desktop/node-express-vite-observatory/node_modules/jest-runner/build/runTest.js:367:16)\n    at runTest (/Users/octaviandavid/Desktop/node-express-vite-observatory/node_modules/jest-runner/build/runTest.js:444:34)"
  },
  "errorName": "DatabaseRetrieveError",
  "level": "error",
  "message": "Error Failed to get index data from database",
  "stack": "DatabaseRetrieveError: Failed to get index data from database\n    at Database.getByGroup (/Users/octaviandavid/Desktop/node-express-vite-observatory/packages/api/src/core/database-sql.ts:483:13)\n    at processTicksAndRejections (node:internal/process/task_queues:105:5)\n    at NotificationWatcher.getTableData (/Users/octaviandavid/Desktop/node-express-vite-observatory/packages/api/src/core/watchers/NotificationWatcher.ts:21:23)\n    at NotificationWatcher.index (/Users/octaviandavid/Desktop/node-express-vite-observatory/packages/api/src/core/watchers/BaseWatcher.ts:265:36)\n    at Object.<anonymous> (/Users/octaviandavid/Desktop/node-express-vite-observatory/packages/api/tests/integration/watchers/NotificationWatcher.integration.ts:102:22)",
  "timestamp": "2026-01-17 14:07:33"
}
{
  "cause": {
    "code": "ER_PARSE_ERROR",
    "errno": 1064,
    "message": "You have an error in your SQL syntax; check the manual that corresponds to your MySQL server version for the right syntax to use near 'JSON_UNQUOTE(JSON_EXTRACT(content, '$.status')) != 'pending'\n        ORDER BY cr' at line 6",
    "name": "Error",
    "sql": "SELECT *\n        FROM observatory_entries\n        WHERE type = 'notification'\n        AND created_at >= UTC_TIMESTAMP() - INTERVAL 1 DAY\n        \n        JSON_UNQUOTE(JSON_EXTRACT(content, '$.status')) != 'pending'\n        ORDER BY created_at DESC\n        LIMIT 20 OFFSET 0",
    "sqlMessage": "You have an error in your SQL syntax; check the manual that corresponds to your MySQL server version for the right syntax to use near 'JSON_UNQUOTE(JSON_EXTRACT(content, '$.status')) != 'pending'\n        ORDER BY cr' at line 6",
    "sqlState": "42000",
    "stack": "Error: You have an error in your SQL syntax; check the manual that corresponds to your MySQL server version for the right syntax to use near 'JSON_UNQUOTE(JSON_EXTRACT(content, '$.status')) != 'pending'\n        ORDER BY cr' at line 6\n    at PromiseConnection.query (/Users/octaviandavid/Desktop/node-express-vite-observatory/node_modules/mysql2/lib/promise/connection.js:29:22)\n    at Database.getByInstance (/Users/octaviandavid/Desktop/node-express-vite-observatory/packages/api/src/core/database-sql.ts:435:52)\n    at NotificationWatcher.getTableData (/Users/octaviandavid/Desktop/node-express-vite-observatory/packages/api/src/core/watchers/NotificationWatcher.ts:16:45)\n    at NotificationWatcher.index (/Users/octaviandavid/Desktop/node-express-vite-observatory/packages/api/src/core/watchers/BaseWatcher.ts:265:47)\n    at Object.<anonymous> (/Users/octaviandavid/Desktop/node-express-vite-observatory/packages/api/tests/integration/watchers/NotificationWatcher.integration.ts:116:36)\n    at processTicksAndRejections (node:internal/process/task_queues:105:5)"
  },
  "errorName": "MigrationError",
  "level": "error",
  "message": "Error Failed to get instance data from database",
  "stack": "MigrationError: Failed to get instance data from database\n    at Database.getByInstance (/Users/octaviandavid/Desktop/node-express-vite-observatory/packages/api/src/core/database-sql.ts:449:13)\n    at processTicksAndRejections (node:internal/process/task_queues:105:5)\n    at NotificationWatcher.getTableData (/Users/octaviandavid/Desktop/node-express-vite-observatory/packages/api/src/core/watchers/NotificationWatcher.ts:16:23)\n    at NotificationWatcher.index (/Users/octaviandavid/Desktop/node-express-vite-observatory/packages/api/src/core/watchers/BaseWatcher.ts:265:36)\n    at Object.<anonymous> (/Users/octaviandavid/Desktop/node-express-vite-observatory/packages/api/tests/integration/watchers/NotificationWatcher.integration.ts:116:22)",
  "timestamp": "2026-01-17 14:07:33"
}
{
  "cause": {
    "code": "ER_PARSE_ERROR",
    "errno": 1064,
    "message": "You have an error in your SQL syntax; check the manual that corresponds to your MySQL server version for the right syntax to use near 'JSON_UNQUOTE(JSON_EXTRACT(content, '$.status')) != 'pending'\n        GROUP BY JS' at line 33",
    "name": "Error",
    "sql": "SELECT\n        JSON_UNQUOTE(JSON_EXTRACT(content, '$.channel')) AS channel,\n        COUNT(*) as total,\n        \n        SUM(CASE WHEN JSON_UNQUOTE(JSON_EXTRACT(content, '$.status')) = 'completed' THEN 1 ELSE 0 END) as completed,\n        SUM(CASE WHEN JSON_UNQUOTE(JSON_EXTRACT(content, '$.status')) = 'failed' THEN 1 ELSE 0 END) as failed,\n      \n        MIN(CAST(JSON_UNQUOTE(JSON_EXTRACT(content, '$.duration')) AS DECIMAL(10, 6))) as shortest,\n      MAX(CAST(JSON_UNQUOTE(JSON_EXTRACT(content, '$.duration')) AS DECIMAL(10, 6))) as longest,\n      AVG(CAST(JSON_UNQUOTE(JSON_EXTRACT(content, '$.duration')) AS DECIMAL(10, 6))) as average,\n    \n        \n      CAST(\n        SUBSTRING_INDEX(\n          SUBSTRING_INDEX(\n            GROUP_CONCAT(\n              CAST(JSON_UNQUOTE(JSON_EXTRACT(content, '$.duration')) AS DECIMAL(10,2))\n              ORDER BY CAST(JSON_UNQUOTE(JSON_EXTRACT(content, '$.duration')) AS DECIMAL(10,2))\n              SEPARATOR ','\n            ),\n            ',',\n            CEILING(COUNT(*) * 0.95)\n          ),\n          ',',\n          -1\n        ) AS DECIMAL(10,2)\n      ) AS p95\n    \n        FROM observatory_entries\n        WHERE type = 'notification' \n        AND created_at >= UTC_TIMESTAMP() - INTERVAL 1 DAY \n         \n        JSON_UNQUOTE(JSON_EXTRACT(content, '$.status')) != 'pending'\n        GROUP BY JSON_UNQUOTE(JSON_EXTRACT(content, '$.channel'))\n        ORDER BY total DESC\n        LIMIT 20 OFFSET 0",
    "sqlMessage": "You have an error in your SQL syntax; check the manual that corresponds to your MySQL server version for the right syntax to use near 'JSON_UNQUOTE(JSON_EXTRACT(content, '$.status')) != 'pending'\n        GROUP BY JS' at line 33",
    "sqlState": "42000",
    "stack": "Error: You have an error in your SQL syntax; check the manual that corresponds to your MySQL server version for the right syntax to use near 'JSON_UNQUOTE(JSON_EXTRACT(content, '$.status')) != 'pending'\n        GROUP BY JS' at line 33\n    at PromiseConnection.query (/Users/octaviandavid/Desktop/node-express-vite-observatory/node_modules/mysql2/lib/promise/connection.js:29:22)\n    at Database.getByGroup (/Users/octaviandavid/Desktop/node-express-vite-observatory/packages/api/src/core/database-sql.ts:463:52)\n    at NotificationWatcher.getTableData (/Users/octaviandavid/Desktop/node-express-vite-observatory/packages/api/src/core/watchers/NotificationWatcher.ts:21:45)\n    at NotificationWatcher.index (/Users/octaviandavid/Desktop/node-express-vite-observatory/packages/api/src/core/watchers/BaseWatcher.ts:265:47)\n    at Object.<anonymous> (/Users/octaviandavid/Desktop/node-express-vite-observatory/packages/api/tests/integration/watchers/NotificationWatcher.integration.ts:129:36)\n    at processTicksAndRejections (node:internal/process/task_queues:105:5)"
  },
  "errorName": "DatabaseRetrieveError",
  "level": "error",
  "message": "Error Failed to get index data from database",
  "stack": "DatabaseRetrieveError: Failed to get index data from database\n    at Database.getByGroup (/Users/octaviandavid/Desktop/node-express-vite-observatory/packages/api/src/core/database-sql.ts:483:13)\n    at processTicksAndRejections (node:internal/process/task_queues:105:5)\n    at NotificationWatcher.getTableData (/Users/octaviandavid/Desktop/node-express-vite-observatory/packages/api/src/core/watchers/NotificationWatcher.ts:21:23)\n    at NotificationWatcher.index (/Users/octaviandavid/Desktop/node-express-vite-observatory/packages/api/src/core/watchers/BaseWatcher.ts:265:36)\n    at Object.<anonymous> (/Users/octaviandavid/Desktop/node-express-vite-observatory/packages/api/tests/integration/watchers/NotificationWatcher.integration.ts:129:22)",
  "timestamp": "2026-01-17 14:07:34"
}
{
  "cause": {
    "code": "ER_PARSE_ERROR",
    "errno": 1064,
    "message": "You have an error in your SQL syntax; check the manual that corresponds to your MySQL server version for the right syntax to use near 'JSON_UNQUOTE(JSON_EXTRACT(content, '$.status')) != 'pending' JSON_UNQUOTE(JSON_E' at line 6",
    "name": "Error",
    "sql": "SELECT *\n        FROM observatory_entries\n        WHERE type = 'notification'\n        AND created_at >= UTC_TIMESTAMP() - INTERVAL 1 DAY\n        \n        JSON_UNQUOTE(JSON_EXTRACT(content, '$.status')) != 'pending' JSON_UNQUOTE(JSON_EXTRACT(content, '$.status')) = 'failed'\n        ORDER BY created_at DESC\n        LIMIT 20 OFFSET 0",
    "sqlMessage": "You have an error in your SQL syntax; check the manual that corresponds to your MySQL server version for the right syntax to use near 'JSON_UNQUOTE(JSON_EXTRACT(content, '$.status')) != 'pending' JSON_UNQUOTE(JSON_E' at line 6",
    "sqlState": "42000",
    "stack": "Error: You have an error in your SQL syntax; check the manual that corresponds to your MySQL server version for the right syntax to use near 'JSON_UNQUOTE(JSON_EXTRACT(content, '$.status')) != 'pending' JSON_UNQUOTE(JSON_E' at line 6\n    at PromiseConnection.query (/Users/octaviandavid/Desktop/node-express-vite-observatory/node_modules/mysql2/lib/promise/connection.js:29:22)\n    at Database.getByInstance (/Users/octaviandavid/Desktop/node-express-vite-observatory/packages/api/src/core/database-sql.ts:435:52)\n    at NotificationWatcher.getTableData (/Users/octaviandavid/Desktop/node-express-vite-observatory/packages/api/src/core/watchers/NotificationWatcher.ts:16:45)\n    at NotificationWatcher.index (/Users/octaviandavid/Desktop/node-express-vite-observatory/packages/api/src/core/watchers/BaseWatcher.ts:265:47)\n    at Object.<anonymous> (/Users/octaviandavid/Desktop/node-express-vite-observatory/packages/api/tests/integration/watchers/NotificationWatcher.integration.ts:142:36)\n    at processTicksAndRejections (node:internal/process/task_queues:105:5)"
  },
  "errorName": "MigrationError",
  "level": "error",
  "message": "Error Failed to get instance data from database",
  "stack": "MigrationError: Failed to get instance data from database\n    at Database.getByInstance (/Users/octaviandavid/Desktop/node-express-vite-observatory/packages/api/src/core/database-sql.ts:449:13)\n    at processTicksAndRejections (node:internal/process/task_queues:105:5)\n    at NotificationWatcher.getTableData (/Users/octaviandavid/Desktop/node-express-vite-observatory/packages/api/src/core/watchers/NotificationWatcher.ts:16:23)\n    at NotificationWatcher.index (/Users/octaviandavid/Desktop/node-express-vite-observatory/packages/api/src/core/watchers/BaseWatcher.ts:265:36)\n    at Object.<anonymous> (/Users/octaviandavid/Desktop/node-express-vite-observatory/packages/api/tests/integration/watchers/NotificationWatcher.integration.ts:142:22)",
  "timestamp": "2026-01-17 14:07:36"
}
{
  "cause": {
    "code": "ER_PARSE_ERROR",
    "errno": 1064,
    "message": "You have an error in your SQL syntax; check the manual that corresponds to your MySQL server version for the right syntax to use near 'JSON_UNQUOTE(JSON_EXTRACT(content, '$.sql')) LIKE '%SELECT%'\n        ORDER BY cr' at line 6",
    "name": "Error",
    "sql": "SELECT *\n        FROM observatory_entries\n        WHERE type = 'query'\n        AND created_at >= UTC_TIMESTAMP() - INTERVAL 1 DAY\n        \n        JSON_UNQUOTE(JSON_EXTRACT(content, '$.sql')) LIKE '%SELECT%'\n        ORDER BY created_at DESC\n        LIMIT 20 OFFSET 0",
    "sqlMessage": "You have an error in your SQL syntax; check the manual that corresponds to your MySQL server version for the right syntax to use near 'JSON_UNQUOTE(JSON_EXTRACT(content, '$.sql')) LIKE '%SELECT%'\n        ORDER BY cr' at line 6",
    "sqlState": "42000",
    "stack": "Error: You have an error in your SQL syntax; check the manual that corresponds to your MySQL server version for the right syntax to use near 'JSON_UNQUOTE(JSON_EXTRACT(content, '$.sql')) LIKE '%SELECT%'\n        ORDER BY cr' at line 6\n    at PromiseConnection.query (/Users/octaviandavid/Desktop/node-express-vite-observatory/node_modules/mysql2/lib/promise/connection.js:29:22)\n    at Database.getByInstance (/Users/octaviandavid/Desktop/node-express-vite-observatory/packages/api/src/core/database-sql.ts:435:52)\n    at QueryWatcher.getTableData (/Users/octaviandavid/Desktop/node-express-vite-observatory/packages/api/src/core/watchers/QueryWatcher.ts:18:45)\n    at QueryWatcher.index (/Users/octaviandavid/Desktop/node-express-vite-observatory/packages/api/src/core/watchers/BaseWatcher.ts:265:47)\n    at Object.<anonymous> (/Users/octaviandavid/Desktop/node-express-vite-observatory/packages/api/tests/integration/watchers/QueryWatcher.integration.ts:139:36)\n    at processTicksAndRejections (node:internal/process/task_queues:105:5)"
  },
  "errorName": "MigrationError",
  "level": "error",
  "message": "Error Failed to get instance data from database",
  "stack": "MigrationError: Failed to get instance data from database\n    at Database.getByInstance (/Users/octaviandavid/Desktop/node-express-vite-observatory/packages/api/src/core/database-sql.ts:449:13)\n    at processTicksAndRejections (node:internal/process/task_queues:105:5)\n    at QueryWatcher.getTableData (/Users/octaviandavid/Desktop/node-express-vite-observatory/packages/api/src/core/watchers/QueryWatcher.ts:18:23)\n    at QueryWatcher.index (/Users/octaviandavid/Desktop/node-express-vite-observatory/packages/api/src/core/watchers/BaseWatcher.ts:265:36)\n    at Object.<anonymous> (/Users/octaviandavid/Desktop/node-express-vite-observatory/packages/api/tests/integration/watchers/QueryWatcher.integration.ts:139:22)",
  "timestamp": "2026-01-17 14:07:53"
}
{
  "cause": {
    "code": "ER_PARSE_ERROR",
    "errno": 1064,
    "message": "You have an error in your SQL syntax; check the manual that corresponds to your MySQL server version for the right syntax to use near 'JSON_UNQUOTE(JSON_EXTRACT(content, '$.type')) = 'processJob'\n        GROUP BY JS' at line 34",
    "name": "Error",
    "sql": "SELECT\n        JSON_UNQUOTE(JSON_EXTRACT(content, '$.scheduleId')) AS scheduleId,\n        COUNT(*) as total,\n        \n        GROUP_CONCAT(DISTINCT JSON_UNQUOTE(JSON_EXTRACT(content, '$.cronExpression'))) AS cronExpression,\n        SUM(CASE WHEN JSON_UNQUOTE(JSON_EXTRACT(content, '$.status')) = 'completed' THEN 1 ELSE 0 END) as completed,\n        SUM(CASE WHEN JSON_UNQUOTE(JSON_EXTRACT(content, '$.status')) = 'failed' THEN 1 ELSE 0 END) as failed,\n      \n        MIN(CAST(JSON_UNQUOTE(JSON_EXTRACT(content, '$.duration')) AS DECIMAL(10, 6))) as shortest,\n      MAX(CAST(JSON_UNQUOTE(JSON_EXTRACT(content, '$.duration')) AS DECIMAL(10, 6))) as longest,\n      AVG(CAST(JSON_UNQUOTE(JSON_EXTRACT(content, '$.duration')) AS DECIMAL(10, 6))) as average,\n    \n        \n      CAST(\n        SUBSTRING_INDEX(\n          SUBSTRING_INDEX(\n            GROUP_CONCAT(\n              CAST(JSON_UNQUOTE(JSON_EXTRACT(content, '$.duration')) AS DECIMAL(10,2))\n              ORDER BY CAST(JSON_UNQUOTE(JSON_EXTRACT(content, '$.duration')) AS DECIMAL(10,2))\n              SEPARATOR ','\n            ),\n            ',',\n            CEILING(COUNT(*) * 0.95)\n          ),\n          ',',\n          -1\n        ) AS DECIMAL(10,2)\n      ) AS p95\n    \n        FROM observatory_entries\n        WHERE type = 'schedule' \n        AND created_at >= UTC_TIMESTAMP() - INTERVAL 1 DAY \n         \n        JSON_UNQUOTE(JSON_EXTRACT(content, '$.type')) = 'processJob'\n        GROUP BY JSON_UNQUOTE(JSON_EXTRACT(content, '$.scheduleId'))\n        ORDER BY total DESC\n        LIMIT 20 OFFSET 0",
    "sqlMessage": "You have an error in your SQL syntax; check the manual that corresponds to your MySQL server version for the right syntax to use near 'JSON_UNQUOTE(JSON_EXTRACT(content, '$.type')) = 'processJob'\n        GROUP BY JS' at line 34",
    "sqlState": "42000",
    "stack": "Error: You have an error in your SQL syntax; check the manual that corresponds to your MySQL server version for the right syntax to use near 'JSON_UNQUOTE(JSON_EXTRACT(content, '$.type')) = 'processJob'\n        GROUP BY JS' at line 34\n    at PromiseConnection.query (/Users/octaviandavid/Desktop/node-express-vite-observatory/node_modules/mysql2/lib/promise/connection.js:29:22)\n    at Database.getByGroup (/Users/octaviandavid/Desktop/node-express-vite-observatory/packages/api/src/core/database-sql.ts:463:52)\n    at ScheduleWatcher.getTableData (/Users/octaviandavid/Desktop/node-express-vite-observatory/packages/api/src/core/watchers/ScheduleWatcher.ts:22:45)\n    at ScheduleWatcher.index (/Users/octaviandavid/Desktop/node-express-vite-observatory/packages/api/src/core/watchers/BaseWatcher.ts:265:47)\n    at Object.<anonymous> (/Users/octaviandavid/Desktop/node-express-vite-observatory/packages/api/tests/integration/watchers/ScheduleWatcher.integration.ts:102:36)\n    at Promise.then.completed (/Users/octaviandavid/Desktop/node-express-vite-observatory/node_modules/jest-circus/build/utils.js:298:28)\n    at new Promise (<anonymous>)\n    at callAsyncCircusFn (/Users/octaviandavid/Desktop/node-express-vite-observatory/node_modules/jest-circus/build/utils.js:231:10)\n    at _callCircusTest (/Users/octaviandavid/Desktop/node-express-vite-observatory/node_modules/jest-circus/build/run.js:316:40)\n    at processTicksAndRejections (node:internal/process/task_queues:105:5)\n    at _runTest (/Users/octaviandavid/Desktop/node-express-vite-observatory/node_modules/jest-circus/build/run.js:252:3)\n    at _runTestsForDescribeBlock (/Users/octaviandavid/Desktop/node-express-vite-observatory/node_modules/jest-circus/build/run.js:126:9)\n    at _runTestsForDescribeBlock (/Users/octaviandavid/Desktop/node-express-vite-observatory/node_modules/jest-circus/build/run.js:121:9)\n    at _runTestsForDescribeBlock (/Users/octaviandavid/Desktop/node-express-vite-observatory/node_modules/jest-circus/build/run.js:121:9)\n    at run (/Users/octaviandavid/Desktop/node-express-vite-observatory/node_modules/jest-circus/build/run.js:71:3)\n    at runAndTransformResultsToJestFormat (/Users/octaviandavid/Desktop/node-express-vite-observatory/node_modules/jest-circus/build/legacy-code-todo-rewrite/jestAdapterInit.js:122:21)\n    at jestAdapter (/Users/octaviandavid/Desktop/node-express-vite-observatory/node_modules/jest-circus/build/legacy-code-todo-rewrite/jestAdapter.js:79:19)\n    at runTestInternal (/Users/octaviandavid/Desktop/node-express-vite-observatory/node_modules/jest-runner/build/runTest.js:367:16)\n    at runTest (/Users/octaviandavid/Desktop/node-express-vite-observatory/node_modules/jest-runner/build/runTest.js:444:34)"
  },
  "errorName": "DatabaseRetrieveError",
  "level": "error",
  "message": "Error Failed to get index data from database",
  "stack": "DatabaseRetrieveError: Failed to get index data from database\n    at Database.getByGroup (/Users/octaviandavid/Desktop/node-express-vite-observatory/packages/api/src/core/database-sql.ts:483:13)\n    at processTicksAndRejections (node:internal/process/task_queues:105:5)\n    at ScheduleWatcher.getTableData (/Users/octaviandavid/Desktop/node-express-vite-observatory/packages/api/src/core/watchers/ScheduleWatcher.ts:22:23)\n    at ScheduleWatcher.index (/Users/octaviandavid/Desktop/node-express-vite-observatory/packages/api/src/core/watchers/BaseWatcher.ts:265:36)\n    at Object.<anonymous> (/Users/octaviandavid/Desktop/node-express-vite-observatory/packages/api/tests/integration/watchers/ScheduleWatcher.integration.ts:102:22)",
  "timestamp": "2026-01-17 14:07:58"
}
{
  "cause": {
    "code": "ER_PARSE_ERROR",
    "errno": 1064,
    "message": "You have an error in your SQL syntax; check the manual that corresponds to your MySQL server version for the right syntax to use near 'JSON_UNQUOTE(JSON_EXTRACT(content, '$.type')) = 'processJob'\n        ORDER BY cr' at line 6",
    "name": "Error",
    "sql": "SELECT *\n        FROM observatory_entries\n        WHERE type = 'schedule'\n        AND created_at >= UTC_TIMESTAMP() - INTERVAL 1 DAY\n        \n        JSON_UNQUOTE(JSON_EXTRACT(content, '$.type')) = 'processJob'\n        ORDER BY created_at DESC\n        LIMIT 20 OFFSET 0",
    "sqlMessage": "You have an error in your SQL syntax; check the manual that corresponds to your MySQL server version for the right syntax to use near 'JSON_UNQUOTE(JSON_EXTRACT(content, '$.type')) = 'processJob'\n        ORDER BY cr' at line 6",
    "sqlState": "42000",
    "stack": "Error: You have an error in your SQL syntax; check the manual that corresponds to your MySQL server version for the right syntax to use near 'JSON_UNQUOTE(JSON_EXTRACT(content, '$.type')) = 'processJob'\n        ORDER BY cr' at line 6\n    at PromiseConnection.query (/Users/octaviandavid/Desktop/node-express-vite-observatory/node_modules/mysql2/lib/promise/connection.js:29:22)\n    at Database.getByInstance (/Users/octaviandavid/Desktop/node-express-vite-observatory/packages/api/src/core/database-sql.ts:435:52)\n    at ScheduleWatcher.getTableData (/Users/octaviandavid/Desktop/node-express-vite-observatory/packages/api/src/core/watchers/ScheduleWatcher.ts:17:45)\n    at ScheduleWatcher.index (/Users/octaviandavid/Desktop/node-express-vite-observatory/packages/api/src/core/watchers/BaseWatcher.ts:265:47)\n    at Object.<anonymous> (/Users/octaviandavid/Desktop/node-express-vite-observatory/packages/api/tests/integration/watchers/ScheduleWatcher.integration.ts:116:36)\n    at processTicksAndRejections (node:internal/process/task_queues:105:5)"
  },
  "errorName": "MigrationError",
  "level": "error",
  "message": "Error Failed to get instance data from database",
  "stack": "MigrationError: Failed to get instance data from database\n    at Database.getByInstance (/Users/octaviandavid/Desktop/node-express-vite-observatory/packages/api/src/core/database-sql.ts:449:13)\n    at processTicksAndRejections (node:internal/process/task_queues:105:5)\n    at ScheduleWatcher.getTableData (/Users/octaviandavid/Desktop/node-express-vite-observatory/packages/api/src/core/watchers/ScheduleWatcher.ts:17:23)\n    at ScheduleWatcher.index (/Users/octaviandavid/Desktop/node-express-vite-observatory/packages/api/src/core/watchers/BaseWatcher.ts:265:36)\n    at Object.<anonymous> (/Users/octaviandavid/Desktop/node-express-vite-observatory/packages/api/tests/integration/watchers/ScheduleWatcher.integration.ts:116:22)",
  "timestamp": "2026-01-17 14:07:58"
}
{
  "cause": {
    "code": "ER_PARSE_ERROR",
    "errno": 1064,
    "message": "You have an error in your SQL syntax; check the manual that corresponds to your MySQL server version for the right syntax to use near 'JSON_UNQUOTE(JSON_EXTRACT(content, '$.type')) = 'processJob'\n        GROUP BY JS' at line 34",
    "name": "Error",
    "sql": "SELECT\n        JSON_UNQUOTE(JSON_EXTRACT(content, '$.scheduleId')) AS scheduleId,\n        COUNT(*) as total,\n        \n        GROUP_CONCAT(DISTINCT JSON_UNQUOTE(JSON_EXTRACT(content, '$.cronExpression'))) AS cronExpression,\n        SUM(CASE WHEN JSON_UNQUOTE(JSON_EXTRACT(content, '$.status')) = 'completed' THEN 1 ELSE 0 END) as completed,\n        SUM(CASE WHEN JSON_UNQUOTE(JSON_EXTRACT(content, '$.status')) = 'failed' THEN 1 ELSE 0 END) as failed,\n      \n        MIN(CAST(JSON_UNQUOTE(JSON_EXTRACT(content, '$.duration')) AS DECIMAL(10, 6))) as shortest,\n      MAX(CAST(JSON_UNQUOTE(JSON_EXTRACT(content, '$.duration')) AS DECIMAL(10, 6))) as longest,\n      AVG(CAST(JSON_UNQUOTE(JSON_EXTRACT(content, '$.duration')) AS DECIMAL(10, 6))) as average,\n    \n        \n      CAST(\n        SUBSTRING_INDEX(\n          SUBSTRING_INDEX(\n            GROUP_CONCAT(\n              CAST(JSON_UNQUOTE(JSON_EXTRACT(content, '$.duration')) AS DECIMAL(10,2))\n              ORDER BY CAST(JSON_UNQUOTE(JSON_EXTRACT(content, '$.duration')) AS DECIMAL(10,2))\n              SEPARATOR ','\n            ),\n            ',',\n            CEILING(COUNT(*) * 0.95)\n          ),\n          ',',\n          -1\n        ) AS DECIMAL(10,2)\n      ) AS p95\n    \n        FROM observatory_entries\n        WHERE type = 'schedule' \n        AND created_at >= UTC_TIMESTAMP() - INTERVAL 1 DAY \n         \n        JSON_UNQUOTE(JSON_EXTRACT(content, '$.type')) = 'processJob'\n        GROUP BY JSON_UNQUOTE(JSON_EXTRACT(content, '$.scheduleId'))\n        ORDER BY total DESC\n        LIMIT 20 OFFSET 0",
    "sqlMessage": "You have an error in your SQL syntax; check the manual that corresponds to your MySQL server version for the right syntax to use near 'JSON_UNQUOTE(JSON_EXTRACT(content, '$.type')) = 'processJob'\n        GROUP BY JS' at line 34",
    "sqlState": "42000",
    "stack": "Error: You have an error in your SQL syntax; check the manual that corresponds to your MySQL server version for the right syntax to use near 'JSON_UNQUOTE(JSON_EXTRACT(content, '$.type')) = 'processJob'\n        GROUP BY JS' at line 34\n    at PromiseConnection.query (/Users/octaviandavid/Desktop/node-express-vite-observatory/node_modules/mysql2/lib/promise/connection.js:29:22)\n    at Database.getByGroup (/Users/octaviandavid/Desktop/node-express-vite-observatory/packages/api/src/core/database-sql.ts:463:52)\n    at ScheduleWatcher.getTableData (/Users/octaviandavid/Desktop/node-express-vite-observatory/packages/api/src/core/watchers/ScheduleWatcher.ts:22:45)\n    at ScheduleWatcher.index (/Users/octaviandavid/Desktop/node-express-vite-observatory/packages/api/src/core/watchers/BaseWatcher.ts:265:47)\n    at Object.<anonymous> (/Users/octaviandavid/Desktop/node-express-vite-observatory/packages/api/tests/integration/watchers/ScheduleWatcher.integration.ts:129:36)\n    at processTicksAndRejections (node:internal/process/task_queues:105:5)"
  },
  "errorName": "DatabaseRetrieveError",
  "level": "error",
  "message": "Error Failed to get index data from database",
  "stack": "DatabaseRetrieveError: Failed to get index data from database\n    at Database.getByGroup (/Users/octaviandavid/Desktop/node-express-vite-observatory/packages/api/src/core/database-sql.ts:483:13)\n    at processTicksAndRejections (node:internal/process/task_queues:105:5)\n    at ScheduleWatcher.getTableData (/Users/octaviandavid/Desktop/node-express-vite-observatory/packages/api/src/core/watchers/ScheduleWatcher.ts:22:23)\n    at ScheduleWatcher.index (/Users/octaviandavid/Desktop/node-express-vite-observatory/packages/api/src/core/watchers/BaseWatcher.ts:265:36)\n    at Object.<anonymous> (/Users/octaviandavid/Desktop/node-express-vite-observatory/packages/api/tests/integration/watchers/ScheduleWatcher.integration.ts:129:22)",
  "timestamp": "2026-01-17 14:07:59"
}
{
  "cause": {
    "code": "ER_PARSE_ERROR",
    "errno": 1064,
    "message": "You have an error in your SQL syntax; check the manual that corresponds to your MySQL server version for the right syntax to use near 'JSON_UNQUOTE(JSON_EXTRACT(content, '$.type')) = 'processJob' JSON_UNQUOTE(JSON_E' at line 6",
    "name": "Error",
    "sql": "SELECT *\n        FROM observatory_entries\n        WHERE type = 'schedule'\n        AND created_at >= UTC_TIMESTAMP() - INTERVAL 1 DAY\n        \n        JSON_UNQUOTE(JSON_EXTRACT(content, '$.type')) = 'processJob' JSON_UNQUOTE(JSON_EXTRACT(content, '$.status')) = 'failed'\n        ORDER BY created_at DESC\n        LIMIT 20 OFFSET 0",
    "sqlMessage": "You have an error in your SQL syntax; check the manual that corresponds to your MySQL server version for the right syntax to use near 'JSON_UNQUOTE(JSON_EXTRACT(content, '$.type')) = 'processJob' JSON_UNQUOTE(JSON_E' at line 6",
    "sqlState": "42000",
    "stack": "Error: You have an error in your SQL syntax; check the manual that corresponds to your MySQL server version for the right syntax to use near 'JSON_UNQUOTE(JSON_EXTRACT(content, '$.type')) = 'processJob' JSON_UNQUOTE(JSON_E' at line 6\n    at PromiseConnection.query (/Users/octaviandavid/Desktop/node-express-vite-observatory/node_modules/mysql2/lib/promise/connection.js:29:22)\n    at Database.getByInstance (/Users/octaviandavid/Desktop/node-express-vite-observatory/packages/api/src/core/database-sql.ts:435:52)\n    at ScheduleWatcher.getTableData (/Users/octaviandavid/Desktop/node-express-vite-observatory/packages/api/src/core/watchers/ScheduleWatcher.ts:17:45)\n    at ScheduleWatcher.index (/Users/octaviandavid/Desktop/node-express-vite-observatory/packages/api/src/core/watchers/BaseWatcher.ts:265:47)\n    at Object.<anonymous> (/Users/octaviandavid/Desktop/node-express-vite-observatory/packages/api/tests/integration/watchers/ScheduleWatcher.integration.ts:142:36)\n    at processTicksAndRejections (node:internal/process/task_queues:105:5)"
  },
  "errorName": "MigrationError",
  "level": "error",
  "message": "Error Failed to get instance data from database",
  "stack": "MigrationError: Failed to get instance data from database\n    at Database.getByInstance (/Users/octaviandavid/Desktop/node-express-vite-observatory/packages/api/src/core/database-sql.ts:449:13)\n    at processTicksAndRejections (node:internal/process/task_queues:105:5)\n    at ScheduleWatcher.getTableData (/Users/octaviandavid/Desktop/node-express-vite-observatory/packages/api/src/core/watchers/ScheduleWatcher.ts:17:23)\n    at ScheduleWatcher.index (/Users/octaviandavid/Desktop/node-express-vite-observatory/packages/api/src/core/watchers/BaseWatcher.ts:265:36)\n    at Object.<anonymous> (/Users/octaviandavid/Desktop/node-express-vite-observatory/packages/api/tests/integration/watchers/ScheduleWatcher.integration.ts:142:22)",
  "timestamp": "2026-01-17 14:08:00"
}
{
  "cause": {
    "code": "ER_PARSE_ERROR",
    "errno": 1064,
    "message": "You have an error in your SQL syntax; check the manual that corresponds to your MySQL server version for the right syntax to use near 'JSON_UNQUOTE(JSON_EXTRACT(content, '$.hits')) IS NOT NULL\n        ORDER BY creat' at line 6",
    "name": "Error",
    "sql": "SELECT *\n        FROM observatory_entries\n        WHERE type = 'cache'\n        AND created_at >= UTC_TIMESTAMP() - INTERVAL 1 DAY\n        \n        JSON_UNQUOTE(JSON_EXTRACT(content, '$.hits')) IS NOT NULL\n        ORDER BY created_at DESC\n        LIMIT 20 OFFSET 0",
    "sqlMessage": "You have an error in your SQL syntax; check the manual that corresponds to your MySQL server version for the right syntax to use near 'JSON_UNQUOTE(JSON_EXTRACT(content, '$.hits')) IS NOT NULL\n        ORDER BY creat' at line 6",
    "sqlState": "42000",
    "stack": "Error: You have an error in your SQL syntax; check the manual that corresponds to your MySQL server version for the right syntax to use near 'JSON_UNQUOTE(JSON_EXTRACT(content, '$.hits')) IS NOT NULL\n        ORDER BY creat' at line 6\n    at PromiseConnection.query (/Users/octaviandavid/Desktop/node-express-vite-observatory/node_modules/mysql2/lib/promise/connection.js:29:22)\n    at Database.getByInstance (/Users/octaviandavid/Desktop/node-express-vite-observatory/packages/api/src/core/database-sql.ts:435:52)\n    at CacheWatcher.getTableData (/Users/octaviandavid/Desktop/node-express-vite-observatory/packages/api/src/core/watchers/CacheWatcher.ts:16:45)\n    at CacheWatcher.index (/Users/octaviandavid/Desktop/node-express-vite-observatory/packages/api/src/core/watchers/BaseWatcher.ts:265:47)\n    at Object.<anonymous> (/Users/octaviandavid/Desktop/node-express-vite-observatory/packages/api/tests/integration/watchers/CacheWatcher.integration.ts:136:36)\n    at processTicksAndRejections (node:internal/process/task_queues:105:5)"
  },
  "errorName": "MigrationError",
  "level": "error",
  "message": "Error Failed to get instance data from database",
  "stack": "MigrationError: Failed to get instance data from database\n    at Database.getByInstance (/Users/octaviandavid/Desktop/node-express-vite-observatory/packages/api/src/core/database-sql.ts:449:13)\n    at processTicksAndRejections (node:internal/process/task_queues:105:5)\n    at CacheWatcher.getTableData (/Users/octaviandavid/Desktop/node-express-vite-observatory/packages/api/src/core/watchers/CacheWatcher.ts:16:23)\n    at CacheWatcher.index (/Users/octaviandavid/Desktop/node-express-vite-observatory/packages/api/src/core/watchers/BaseWatcher.ts:265:36)\n    at Object.<anonymous> (/Users/octaviandavid/Desktop/node-express-vite-observatory/packages/api/tests/integration/watchers/CacheWatcher.integration.ts:136:22)",
  "timestamp": "2026-01-17 14:08:19"
}
{
  "cause": {
    "code": "ER_PARSE_ERROR",
    "errno": 1064,
    "message": "You have an error in your SQL syntax; check the manual that corresponds to your MySQL server version for the right syntax to use near 'JSON_UNQUOTE(JSON_EXTRACT(content, '$.hits')) IS NOT NULL\n        ORDER BY creat' at line 6",
    "name": "Error",
    "sql": "SELECT *\n        FROM observatory_entries\n        WHERE type = 'cache'\n        AND created_at >= UTC_TIMESTAMP() - INTERVAL 1 DAY\n        \n        JSON_UNQUOTE(JSON_EXTRACT(content, '$.hits')) IS NOT NULL\n        ORDER BY created_at DESC\n        LIMIT 20 OFFSET 0",
    "sqlMessage": "You have an error in your SQL syntax; check the manual that corresponds to your MySQL server version for the right syntax to use near 'JSON_UNQUOTE(JSON_EXTRACT(content, '$.hits')) IS NOT NULL\n        ORDER BY creat' at line 6",
    "sqlState": "42000",
    "stack": "Error: You have an error in your SQL syntax; check the manual that corresponds to your MySQL server version for the right syntax to use near 'JSON_UNQUOTE(JSON_EXTRACT(content, '$.hits')) IS NOT NULL\n        ORDER BY creat' at line 6\n    at PromiseConnection.query (/Users/octaviandavid/Desktop/node-express-vite-observatory/node_modules/mysql2/lib/promise/connection.js:29:22)\n    at Database.getByInstance (/Users/octaviandavid/Desktop/node-express-vite-observatory/packages/api/src/core/database-sql.ts:435:52)\n    at CacheWatcher.getTableData (/Users/octaviandavid/Desktop/node-express-vite-observatory/packages/api/src/core/watchers/CacheWatcher.ts:16:45)\n    at CacheWatcher.index (/Users/octaviandavid/Desktop/node-express-vite-observatory/packages/api/src/core/watchers/BaseWatcher.ts:294:47)\n    at Object.<anonymous> (/Users/octaviandavid/Desktop/node-express-vite-observatory/packages/api/tests/integration/watchers/CacheWatcher.integration.ts:136:36)\n    at processTicksAndRejections (node:internal/process/task_queues:105:5)"
  },
  "errorName": "MigrationError",
  "level": "error",
  "message": "Error Failed to get instance data from database",
  "stack": "MigrationError: Failed to get instance data from database\n    at Database.getByInstance (/Users/octaviandavid/Desktop/node-express-vite-observatory/packages/api/src/core/database-sql.ts:449:13)\n    at processTicksAndRejections (node:internal/process/task_queues:105:5)\n    at CacheWatcher.getTableData (/Users/octaviandavid/Desktop/node-express-vite-observatory/packages/api/src/core/watchers/CacheWatcher.ts:16:23)\n    at CacheWatcher.index (/Users/octaviandavid/Desktop/node-express-vite-observatory/packages/api/src/core/watchers/BaseWatcher.ts:294:36)\n    at Object.<anonymous> (/Users/octaviandavid/Desktop/node-express-vite-observatory/packages/api/tests/integration/watchers/CacheWatcher.integration.ts:136:22)",
  "timestamp": "2026-01-17 14:13:44"
}
{
  "cause": {
    "code": "ER_PARSE_ERROR",
    "errno": 1064,
    "message": "You have an error in your SQL syntax; check the manual that corresponds to your MySQL server version for the right syntax to use near ',\n            NULL as created_at,\n            NULL as content,\n            'aggr' at line 8",
    "name": "Error",
    "sql": "(\n          SELECT\n            COUNT(*) as total,\n            \n            SUM(CASE WHEN JSON_UNQUOTE(JSON_EXTRACT(content, '$.misses')) IS NOT NULL AND JSON_UNQUOTE(JSON_EXTRACT(content, '$.misses')) > 0 THEN 1 ELSE 0 END) as misses,\n            SUM(CASE WHEN JSON_UNQUOTE(JSON_EXTRACT(content, '$.hits')) IS NOT NULL AND JSON_UNQUOTE(JSON_EXTRACT(content, '$.hits')) > 0 THEN 1 ELSE 0 END) as hits,\n            SUM(CASE WHEN JSON_UNQUOTE(JSON_EXTRACT(content, '$.writes')) IS NOT NULL AND JSON_UNQUOTE(JSON_EXTRACT(content, '$.writes')) > 0 THEN 1 ELSE 0 END) as writes,\n            ,\n            NULL as created_at,\n            NULL as content,\n            'aggregate' as type\n          FROM observatory_entries\n          WHERE type = 'exception' AND created_at >= UTC_TIMESTAMP() - INTERVAL 1 DAY \n        )\n        UNION ALL\n        (\n          SELECT\n            NULL as total,\n            NULL as shortest,\n            NULL as longest,\n            NULL as average,\n            NULL as p95,\n            NULL as misses,\n            NULL as hits,\n            NULL as writes,\n            created_at,\n            content,\n            'row' as type\n          FROM observatory_entries\n          WHERE type = 'exception' AND created_at >= UTC_TIMESTAMP() - INTERVAL 1 DAY \n          ORDER BY created_at DESC\n        );",
    "sqlMessage": "You have an error in your SQL syntax; check the manual that corresponds to your MySQL server version for the right syntax to use near ',\n            NULL as created_at,\n            NULL as content,\n            'aggr' at line 8",
    "sqlState": "42000",
    "stack": "Error: You have an error in your SQL syntax; check the manual that corresponds to your MySQL server version for the right syntax to use near ',\n            NULL as created_at,\n            NULL as content,\n            'aggr' at line 8\n    at PromiseConnection.query (/Users/octaviandavid/Desktop/node-express-vite-observatory/node_modules/mysql2/lib/promise/connection.js:29:22)\n    at Database.getGraphData (/Users/octaviandavid/Desktop/node-express-vite-observatory/packages/api/src/core/database-sql.ts:569:53)\n    at ExceptionWatcher.getGraphData (/Users/octaviandavid/Desktop/node-express-vite-observatory/packages/api/src/core/watchers/ExceptionWatcher.ts:200:34)\n    at ExceptionWatcher.index (/Users/octaviandavid/Desktop/node-express-vite-observatory/packages/api/src/core/watchers/BaseWatcher.ts:294:82)\n    at Object.<anonymous> (/Users/octaviandavid/Desktop/node-express-vite-observatory/packages/api/tests/integration/watchers/ExceptionWatcher.integration.ts:149:36)\n    at Promise.then.completed (/Users/octaviandavid/Desktop/node-express-vite-observatory/node_modules/jest-circus/build/utils.js:298:28)\n    at new Promise (<anonymous>)\n    at callAsyncCircusFn (/Users/octaviandavid/Desktop/node-express-vite-observatory/node_modules/jest-circus/build/utils.js:231:10)\n    at _callCircusTest (/Users/octaviandavid/Desktop/node-express-vite-observatory/node_modules/jest-circus/build/run.js:316:40)\n    at processTicksAndRejections (node:internal/process/task_queues:105:5)\n    at _runTest (/Users/octaviandavid/Desktop/node-express-vite-observatory/node_modules/jest-circus/build/run.js:252:3)\n    at _runTestsForDescribeBlock (/Users/octaviandavid/Desktop/node-express-vite-observatory/node_modules/jest-circus/build/run.js:126:9)\n    at _runTestsForDescribeBlock (/Users/octaviandavid/Desktop/node-express-vite-observatory/node_modules/jest-circus/build/run.js:121:9)\n    at _runTestsForDescribeBlock (/Users/octaviandavid/Desktop/node-express-vite-observatory/node_modules/jest-circus/build/run.js:121:9)\n    at run (/Users/octaviandavid/Desktop/node-express-vite-observatory/node_modules/jest-circus/build/run.js:71:3)\n    at runAndTransformResultsToJestFormat (/Users/octaviandavid/Desktop/node-express-vite-observatory/node_modules/jest-circus/build/legacy-code-todo-rewrite/jestAdapterInit.js:122:21)\n    at jestAdapter (/Users/octaviandavid/Desktop/node-express-vite-observatory/node_modules/jest-circus/build/legacy-code-todo-rewrite/jestAdapter.js:79:19)\n    at runTestInternal (/Users/octaviandavid/Desktop/node-express-vite-observatory/node_modules/jest-runner/build/runTest.js:367:16)\n    at runTest (/Users/octaviandavid/Desktop/node-express-vite-observatory/node_modules/jest-runner/build/runTest.js:444:34)"
  },
  "errorName": "DatabaseRetrieveError",
  "level": "error",
  "message": "Error Failed to get graph data from database",
  "stack": "DatabaseRetrieveError: Failed to get graph data from database\n    at Database.getGraphData (/Users/octaviandavid/Desktop/node-express-vite-observatory/packages/api/src/core/database-sql.ts:635:13)\n    at processTicksAndRejections (node:internal/process/task_queues:105:5)\n    at ExceptionWatcher.getGraphData (/Users/octaviandavid/Desktop/node-express-vite-observatory/packages/api/src/core/watchers/ExceptionWatcher.ts:200:12)\n    at ExceptionWatcher.index (/Users/octaviandavid/Desktop/node-express-vite-observatory/packages/api/src/core/watchers/BaseWatcher.ts:294:71)\n    at Object.<anonymous> (/Users/octaviandavid/Desktop/node-express-vite-observatory/packages/api/tests/integration/watchers/ExceptionWatcher.integration.ts:149:22)",
  "timestamp": "2026-01-17 14:13:53"
}
{
  "cause": {
    "code": "ER_PARSE_ERROR",
    "errno": 1064,
    "message": "You have an error in your SQL syntax; check the manual that corresponds to your MySQL server version for the right syntax to use near 'JSON_UNQUOTE(JSON_EXTRACT(content, '$.hits')) IS NOT NULL\n        ORDER BY creat' at line 6",
    "name": "Error",
    "sql": "SELECT *\n        FROM observatory_entries\n        WHERE type = 'cache'\n        AND created_at >= UTC_TIMESTAMP() - INTERVAL 1 DAY\n        \n        JSON_UNQUOTE(JSON_EXTRACT(content, '$.hits')) IS NOT NULL\n        ORDER BY created_at DESC\n        LIMIT 20 OFFSET 0",
    "sqlMessage": "You have an error in your SQL syntax; check the manual that corresponds to your MySQL server version for the right syntax to use near 'JSON_UNQUOTE(JSON_EXTRACT(content, '$.hits')) IS NOT NULL\n        ORDER BY creat' at line 6",
    "sqlState": "42000",
    "stack": "Error: You have an error in your SQL syntax; check the manual that corresponds to your MySQL server version for the right syntax to use near 'JSON_UNQUOTE(JSON_EXTRACT(content, '$.hits')) IS NOT NULL\n        ORDER BY creat' at line 6\n    at PromiseConnection.query (/Users/octaviandavid/Desktop/node-express-vite-observatory/node_modules/mysql2/lib/promise/connection.js:29:22)\n    at Database.getByInstance (/Users/octaviandavid/Desktop/node-express-vite-observatory/packages/api/src/core/database-sql.ts:435:52)\n    at CacheWatcher.getTableData (/Users/octaviandavid/Desktop/node-express-vite-observatory/packages/api/src/core/watchers/CacheWatcher.ts:16:45)\n    at CacheWatcher.index (/Users/octaviandavid/Desktop/node-express-vite-observatory/packages/api/src/core/watchers/BaseWatcher.ts:294:47)\n    at Object.<anonymous> (/Users/octaviandavid/Desktop/node-express-vite-observatory/packages/api/tests/integration/watchers/CacheWatcher.integration.ts:136:36)\n    at processTicksAndRejections (node:internal/process/task_queues:105:5)"
  },
  "errorName": "MigrationError",
  "level": "error",
  "message": "Error Failed to get instance data from database",
  "stack": "MigrationError: Failed to get instance data from database\n    at Database.getByInstance (/Users/octaviandavid/Desktop/node-express-vite-observatory/packages/api/src/core/database-sql.ts:449:13)\n    at processTicksAndRejections (node:internal/process/task_queues:105:5)\n    at CacheWatcher.getTableData (/Users/octaviandavid/Desktop/node-express-vite-observatory/packages/api/src/core/watchers/CacheWatcher.ts:16:23)\n    at CacheWatcher.index (/Users/octaviandavid/Desktop/node-express-vite-observatory/packages/api/src/core/watchers/BaseWatcher.ts:294:36)\n    at Object.<anonymous> (/Users/octaviandavid/Desktop/node-express-vite-observatory/packages/api/tests/integration/watchers/CacheWatcher.integration.ts:136:22)",
  "timestamp": "2026-01-17 14:18:27"
}
