{
  "cause": {
    "code": "ER_PARSE_ERROR",
    "errno": 1064,
    "message": "You have an error in your SQL syntax; check the manual that corresponds to your MySQL server version for the right syntax to use near 'FROM observatory_entries\n        WHERE type = 'exception' \n        AND created_a' at line 10",
    "name": "Error",
    "sql": "SELECT\n        JSON_UNQUOTE(JSON_EXTRACT(content, '$.message')) as header,\n        COUNT(*) as total,\n        \n        SUM(CASE WHEN JSON_EXTRACT(content, '$.type') = 'unhandledRejection' THEN 1 ELSE 0 END) as unhandledRejection,\n        SUM(CASE WHEN JSON_EXTRACT(content, '$.type') = 'uncaughtException' THEN 1 ELSE 0 END) as uncaughtException,\n      \n        \n        \n        FROM observatory_entries\n        WHERE type = 'exception' \n        AND created_at >= UTC_TIMESTAMP() - INTERVAL 14 DAY \n         \n        \n        GROUP BY JSON_UNQUOTE(JSON_EXTRACT(content, '$.message'))\n        ORDER BY total DESC\n        LIMIT 20 OFFSET 0",
    "sqlMessage": "You have an error in your SQL syntax; check the manual that corresponds to your MySQL server version for the right syntax to use near 'FROM observatory_entries\n        WHERE type = 'exception' \n        AND created_a' at line 10",
    "sqlState": "42000",
    "stack": "Error: You have an error in your SQL syntax; check the manual that corresponds to your MySQL server version for the right syntax to use near 'FROM observatory_entries\n        WHERE type = 'exception' \n        AND created_a' at line 10\n    at PromiseConnection.query (/Users/octaviandavid/Desktop/node-express-vite-observatory/node_modules/mysql2/lib/promise/connection.js:29:22)\n    at PromiseConnection.patchedQuery (/Users/octaviandavid/Desktop/node-express-vite-observatory/packages/api/src/patchers/cjs/patch-mysql2.ts:100:30)\n    at Database.getIndexData (/Users/octaviandavid/Desktop/node-express-vite-observatory/packages/api/src/core/database-sql.ts:455:52)\n    at ExceptionWatcher.index (/Users/octaviandavid/Desktop/node-express-vite-observatory/packages/api/src/core/watchers/BaseWatcher.ts:210:40)\n    at Object.handler (/Users/octaviandavid/Desktop/node-express-vite-observatory/packages/api/src/core/routes/routes.ts:92:109)\n    at /Users/octaviandavid/Desktop/node-express-vite-observatory/packages/express/src/ExpressAdapter.ts:52:44\n    at /Users/octaviandavid/Desktop/node-express-vite-observatory/packages/express/src/helpers/wrapAsync.ts:7:21\n    at Layer.handle [as handle_request] (/Users/octaviandavid/Desktop/node-express-vite-observatory/node_modules/express/lib/router/layer.js:95:5)\n    at next (/Users/octaviandavid/Desktop/node-express-vite-observatory/node_modules/express/lib/router/route.js:149:13)\n    at Route.dispatch (/Users/octaviandavid/Desktop/node-express-vite-observatory/node_modules/express/lib/router/route.js:119:3)"
  },
  "errorName": "DatabaseRetrieveError",
  "level": "error",
  "message": "Error Failed to get index data from database",
  "stack": "DatabaseRetrieveError: Failed to get index data from database\n    at Database.getIndexData (/Users/octaviandavid/Desktop/node-express-vite-observatory/packages/api/src/core/database-sql.ts:475:13)\n    at processTicksAndRejections (node:internal/process/task_queues:105:5)\n    at async ExceptionWatcher.index (/Users/octaviandavid/Desktop/node-express-vite-observatory/packages/api/src/core/watchers/BaseWatcher.ts:210:18)\n    at async /Users/octaviandavid/Desktop/node-express-vite-observatory/packages/express/src/ExpressAdapter.ts:52:32",
  "timestamp": "2025-12-26 13:24:41"
}
{
  "cause": {
    "code": "ER_PARSE_ERROR",
    "errno": 1064,
    "message": "You have an error in your SQL syntax; check the manual that corresponds to your MySQL server version for the right syntax to use near ',\n            NULL as created_at,\n            NULL as content,\n            'aggr' at line 8",
    "name": "Error",
    "sql": "(\n          SELECT\n            COUNT(*) as total,\n            \n            SUM(CASE WHEN JSON_UNQUOTE(JSON_EXTRACT(content, '$.misses')) IS NOT NULL AND JSON_UNQUOTE(JSON_EXTRACT(content, '$.misses')) > 0 THEN 1 ELSE 0 END) as misses,\n            SUM(CASE WHEN JSON_UNQUOTE(JSON_EXTRACT(content, '$.hits')) IS NOT NULL AND JSON_UNQUOTE(JSON_EXTRACT(content, '$.hits')) > 0 THEN 1 ELSE 0 END) as hits,\n            SUM(CASE WHEN JSON_UNQUOTE(JSON_EXTRACT(content, '$.writes')) IS NOT NULL AND JSON_UNQUOTE(JSON_EXTRACT(content, '$.writes')) > 0 THEN 1 ELSE 0 END) as writes,\n            ,\n            NULL as created_at,\n            NULL as content,\n            'aggregate' as type\n          FROM observatory_entries\n          WHERE type = 'exception' AND created_at >= UTC_TIMESTAMP() - INTERVAL 14 DAY \n        )\n        UNION ALL\n        (\n          SELECT\n            NULL as total,\n            NULL as shortest,\n            NULL as longest,\n            NULL as average,\n            NULL as p95,\n            NULL as misses,\n            NULL as hits,\n            NULL as writes,\n            created_at,\n            content,\n            'row' as type\n          FROM observatory_entries\n          WHERE type = 'exception' AND created_at >= UTC_TIMESTAMP() - INTERVAL 14 DAY \n          ORDER BY created_at DESC\n        );",
    "sqlMessage": "You have an error in your SQL syntax; check the manual that corresponds to your MySQL server version for the right syntax to use near ',\n            NULL as created_at,\n            NULL as content,\n            'aggr' at line 8",
    "sqlState": "42000",
    "stack": "Error: You have an error in your SQL syntax; check the manual that corresponds to your MySQL server version for the right syntax to use near ',\n            NULL as created_at,\n            NULL as content,\n            'aggr' at line 8\n    at PromiseConnection.query (/Users/octaviandavid/Desktop/node-express-vite-observatory/node_modules/mysql2/lib/promise/connection.js:29:22)\n    at PromiseConnection.patchedQuery (/Users/octaviandavid/Desktop/node-express-vite-observatory/packages/api/src/patchers/cjs/patch-mysql2.ts:100:30)\n    at Database.getGraphData (/Users/octaviandavid/Desktop/node-express-vite-observatory/packages/api/src/core/database-sql.ts:558:53)\n    at ExceptionWatcher.getGraphData (/Users/octaviandavid/Desktop/node-express-vite-observatory/packages/api/src/core/watchers/ExceptionWatcher.ts:201:34)\n    at ExceptionWatcher.index (/Users/octaviandavid/Desktop/node-express-vite-observatory/packages/api/src/core/watchers/BaseWatcher.ts:211:34)\n    at processTicksAndRejections (node:internal/process/task_queues:105:5)\n    at async /Users/octaviandavid/Desktop/node-express-vite-observatory/packages/express/src/ExpressAdapter.ts:52:32"
  },
  "errorName": "DatabaseRetrieveError",
  "level": "error",
  "message": "Error Failed to get graph data from database",
  "stack": "DatabaseRetrieveError: Failed to get graph data from database\n    at Database.getGraphData (/Users/octaviandavid/Desktop/node-express-vite-observatory/packages/api/src/core/database-sql.ts:638:13)\n    at processTicksAndRejections (node:internal/process/task_queues:105:5)\n    at async ExceptionWatcher.getGraphData (/Users/octaviandavid/Desktop/node-express-vite-observatory/packages/api/src/core/watchers/ExceptionWatcher.ts:201:12)\n    at async ExceptionWatcher.index (/Users/octaviandavid/Desktop/node-express-vite-observatory/packages/api/src/core/watchers/BaseWatcher.ts:211:23)\n    at async /Users/octaviandavid/Desktop/node-express-vite-observatory/packages/express/src/ExpressAdapter.ts:52:32",
  "timestamp": "2025-12-26 15:14:47"
}
